#
# There is insufficient memory for the Java Runtime Environment to continue.
# Native memory allocation (malloc) failed to allocate 401296 bytes for Chunk::new
# Possible reasons:
#   The system is out of physical RAM or swap space
#   The process is running with CompressedOops enabled, and the Java Heap may be blocking the growth of the native heap
# Possible solutions:
#   Reduce memory load on the system
#   Increase physical memory or swap space
#   Check if swap backing store is full
#   Decrease Java heap size (-Xmx/-Xms)
#   Decrease number of Java threads
#   Decrease Java thread stack sizes (-Xss)
#   Set larger code cache with -XX:ReservedCodeCacheSize=
#   JVM is running with Unscaled Compressed Oops mode in which the Java heap is
#     placed in the first 4GB address space. The Java Heap base address is the
#     maximum limit for the native heap growth. Please use -XX:HeapBaseMinAddress
#     to set the Java Heap base and to place the Java Heap above 4GB virtual address.
# This output file may be truncated or incomplete.
#
#  Out of Memory Error (./src/hotspot/share/memory/arena.cpp:197), pid=14324, tid=15684
#
# JRE version: OpenJDK Runtime Environment (11.0.8+10) (build 11.0.8+10-b944.6842174)
# Java VM: OpenJDK 64-Bit Server VM (11.0.8+10-b944.6842174, mixed mode, tiered, compressed oops, g1 gc, windows-amd64)
# No core dump will be written. Minidumps are not enabled by default on client versions of Windows
#

---------------  S U M M A R Y ------------

Command Line: --add-opens=java.base/java.util=ALL-UNNAMED --add-opens=java.base/java.lang=ALL-UNNAMED --add-opens=java.base/java.lang.invoke=ALL-UNNAMED --add-opens=java.prefs/java.util.prefs=ALL-UNNAMED -Xmx1536M -Dfile.encoding=windows-1252 -Duser.country=US -Duser.language=en -Duser.variant org.gradle.launcher.daemon.bootstrap.GradleDaemon 6.7

Host: AMD Ryzen 3 3250U with Radeon Graphics         , 4 cores, 3G,  Windows 10 , 64 bit Build 19041 (10.0.19041.1202)
Time: Mon Nov  8 13:44:53 2021 Malay Peninsula Standard Time elapsed time: 551 seconds (0d 0h 9m 11s)

---------------  T H R E A D  ---------------

Current thread (0x00000263c507e000):  JavaThread "C2 CompilerThread0" daemon [_thread_in_native, id=15684, stack(0x0000008e2a400000,0x0000008e2a500000)]


Current CompileTask:
C2: 551390 12838   !   4       org.gradle.launcher.daemon.server.exec.DaemonConnectionBackedEventConsumer$ForwardEvents::getNextEvent (27 bytes)

Stack: [0x0000008e2a400000,0x0000008e2a500000]
Native frames: (J=compiled Java code, j=interpreted, Vv=VM code, C=native code)
V  [jvm.dll+0x5de50a]
V  [jvm.dll+0x7122f5]
V  [jvm.dll+0x71384d]
V  [jvm.dll+0x713f03]
V  [jvm.dll+0x23e728]
V  [jvm.dll+0xb899c]
V  [jvm.dll+0xb8e9c]
V  [jvm.dll+0x35020b]
V  [jvm.dll+0x31dea3]
V  [jvm.dll+0x31d39a]
V  [jvm.dll+0x1f7702]
V  [jvm.dll+0x1f68d4]
V  [jvm.dll+0x17f32c]
V  [jvm.dll+0x205047]
V  [jvm.dll+0x203891]
V  [jvm.dll+0x6dad3f]
V  [jvm.dll+0x6d3895]
V  [jvm.dll+0x5dd4a6]
C  [ucrtbase.dll+0x21bb2]
C  [KERNEL32.DLL+0x17034]
C  [ntdll.dll+0x52651]


---------------  P R O C E S S  ---------------

Threads class SMR info:
_java_thread_list=0x00000263c8f94610, length=42, elements={
0x00000263aa1a3800, 0x00000263c501b800, 0x00000263c501c800, 0x00000263c507a800,
0x00000263c507c800, 0x00000263c507e000, 0x00000263c5084800, 0x00000263c5087800,
0x00000263c52ec800, 0x00000263c52f5800, 0x00000263c667b800, 0x00000263c67d5800,
0x00000263c656b800, 0x00000263c6bc3000, 0x00000263c6bc1800, 0x00000263c6bbf000,
0x00000263c6bc0800, 0x00000263c8f69800, 0x00000263c92f9800, 0x00000263c92f6000,
0x00000263c92f8800, 0x00000263c92f7000, 0x00000263c92f7800, 0x00000263c92fa000,
0x00000263c92f4800, 0x00000263c92fb000, 0x00000263c92f5800, 0x00000263c9300800,
0x00000263c92ff000, 0x00000263c9300000, 0x00000263c9301800, 0x00000263c92fc000,
0x00000263c92fe800, 0x00000263c9302800, 0x00000263c92fc800, 0x00000263cd335000,
0x00000263cd333800, 0x00000263cd331000, 0x00000263cd334000, 0x00000263cd330000,
0x00000263cd331800, 0x00000263cd332800
}

Java Threads: ( => current thread )
  0x00000263aa1a3800 JavaThread "main" [_thread_blocked, id=13632, stack(0x0000008e29900000,0x0000008e29a00000)]
  0x00000263c501b800 JavaThread "Reference Handler" daemon [_thread_blocked, id=14248, stack(0x0000008e2a000000,0x0000008e2a100000)]
  0x00000263c501c800 JavaThread "Finalizer" daemon [_thread_blocked, id=15680, stack(0x0000008e2a100000,0x0000008e2a200000)]
  0x00000263c507a800 JavaThread "Signal Dispatcher" daemon [_thread_blocked, id=7764, stack(0x0000008e2a200000,0x0000008e2a300000)]
  0x00000263c507c800 JavaThread "Attach Listener" daemon [_thread_blocked, id=5620, stack(0x0000008e2a300000,0x0000008e2a400000)]
=>0x00000263c507e000 JavaThread "C2 CompilerThread0" daemon [_thread_in_native, id=15684, stack(0x0000008e2a400000,0x0000008e2a500000)]
  0x00000263c5084800 JavaThread "C1 CompilerThread0" daemon [_thread_blocked, id=15712, stack(0x0000008e2a500000,0x0000008e2a600000)]
  0x00000263c5087800 JavaThread "Sweeper thread" daemon [_thread_blocked, id=15740, stack(0x0000008e2a600000,0x0000008e2a700000)]
  0x00000263c52ec800 JavaThread "Common-Cleaner" daemon [_thread_blocked, id=3064, stack(0x0000008e2a700000,0x0000008e2a800000)]
  0x00000263c52f5800 JavaThread "Service Thread" daemon [_thread_blocked, id=3236, stack(0x0000008e2a800000,0x0000008e2a900000)]
  0x00000263c667b800 JavaThread "Daemon health stats" [_thread_blocked, id=6976, stack(0x0000008e2ab00000,0x0000008e2ac00000)]
  0x00000263c67d5800 JavaThread "Incoming local TCP Connector on port 60907" [_thread_in_native, id=11492, stack(0x0000008e2ae00000,0x0000008e2af00000)]
  0x00000263c656b800 JavaThread "Daemon periodic checks" [_thread_blocked, id=15124, stack(0x0000008e2af00000,0x0000008e2b000000)]
  0x00000263c6bc3000 JavaThread "Cache worker for file hash cache (C:\Users\Lenovo\.gradle\caches\6.7\fileHashes)" [_thread_blocked, id=7564, stack(0x0000008e2b900000,0x0000008e2ba00000)]
  0x00000263c6bc1800 JavaThread "File lock request listener" [_thread_in_native, id=14608, stack(0x0000008e2ba00000,0x0000008e2bb00000)]
  0x00000263c6bbf000 JavaThread "Cache worker for journal cache (C:\Users\Lenovo\.gradle\caches\journal-1)" [_thread_blocked, id=9520, stack(0x0000008e2bb00000,0x0000008e2bc00000)]
  0x00000263c6bc0800 JavaThread "Cache worker for execution history cache (C:\Users\Lenovo\.gradle\caches\6.7\executionHistory)" [_thread_blocked, id=15932, stack(0x0000008e2c000000,0x0000008e2c100000)]
  0x00000263c8f69800 JavaThread "Cache worker for file content cache (C:\Users\Lenovo\.gradle\caches\6.7\fileContent)" [_thread_blocked, id=15884, stack(0x0000008e2c200000,0x0000008e2c300000)]
  0x00000263c92f9800 JavaThread "Memory manager" [_thread_blocked, id=15084, stack(0x0000008e33700000,0x0000008e33800000)]
  0x00000263c92f6000 JavaThread "Daemon Thread 2" [_thread_blocked, id=15196, stack(0x0000008e29600000,0x0000008e29700000)]
  0x00000263c92f8800 JavaThread "Handler for socket connection from /127.0.0.1:60907 to /127.0.0.1:57694" [_thread_in_native, id=12920, stack(0x0000008e29700000,0x0000008e29800000)]
  0x00000263c92f7000 JavaThread "Cancel handler" [_thread_blocked, id=6024, stack(0x0000008e29800000,0x0000008e29900000)]
  0x00000263c92f7800 JavaThread "Daemon worker Thread 2" [_thread_blocked, id=2976, stack(0x0000008e2ac00000,0x0000008e2ad00000)]
  0x00000263c92fa000 JavaThread "Asynchronous log dispatcher for DefaultDaemonConnection: socket connection from /127.0.0.1:60907 to /127.0.0.1:57694" [_thread_blocked, id=6472, stack(0x0000008e2ad00000,0x0000008e2ae00000)]
  0x00000263c92f4800 JavaThread "Stdin handler" [_thread_blocked, id=3168, stack(0x0000008e2b000000,0x0000008e2b100000)]
  0x00000263c92fb000 JavaThread "Thread-145" [_thread_blocked, id=6708, stack(0x0000008e2b100000,0x0000008e2b200000)]
  0x00000263c92f5800 JavaThread "Cache worker for file hash cache (D:\Rizky Indrawan\Kampus\Manajemen Informatka\Semester 5\Pemrograman Mobile\Prektek\latihan_mvvm\android\.gradle\6.7\fileHashes)" [_thread_blocked, id=16164, stack(0x0000008e2b200000,0x0000008e2b300000)]
  0x00000263c9300800 JavaThread "Cache worker for checksums cache (D:\Rizky Indrawan\Kampus\Manajemen Informatka\Semester 5\Pemrograman Mobile\Prektek\latihan_mvvm\android\.gradle\checksums)" [_thread_blocked, id=15488, stack(0x0000008e2b300000,0x0000008e2b400000)]
  0x00000263c92ff000 JavaThread "Cache worker for cache directory md-supplier (C:\Users\Lenovo\.gradle\caches\6.7\md-supplier)" [_thread_blocked, id=13960, stack(0x0000008e2b400000,0x0000008e2b500000)]
  0x00000263c9300000 JavaThread "Cache worker for cache directory md-rule (C:\Users\Lenovo\.gradle\caches\6.7\md-rule)" [_thread_blocked, id=8480, stack(0x0000008e2b500000,0x0000008e2b600000)]
  0x00000263c9301800 JavaThread "Cache worker for Build Output Cleanup Cache (D:\Rizky Indrawan\Kampus\Manajemen Informatka\Semester 5\Pemrograman Mobile\Prektek\latihan_mvvm\android\.gradle\buildOutputCleanup)" [_thread_blocked, id=16264, stack(0x0000008e2b600000,0x0000008e2b700000)]
  0x00000263c92fc000 JavaThread "Build operations" [_thread_blocked, id=16232, stack(0x0000008e2bc00000,0x0000008e2bd00000)]
  0x00000263c92fe800 JavaThread "Build operations Thread 2" [_thread_blocked, id=1528, stack(0x0000008e2bd00000,0x0000008e2be00000)]
  0x00000263c9302800 JavaThread "Build operations Thread 3" [_thread_blocked, id=8492, stack(0x0000008e2be00000,0x0000008e2bf00000)]
  0x00000263c92fc800 JavaThread "Build operations Thread 4" [_thread_blocked, id=15000, stack(0x0000008e2bf00000,0x0000008e2c000000)]
  0x00000263cd335000 JavaThread "Execution worker for ':'" [_thread_blocked, id=7612, stack(0x0000008e33200000,0x0000008e33300000)]
  0x00000263cd333800 JavaThread "Execution worker for ':' Thread 2" [_thread_blocked, id=6308, stack(0x0000008e33300000,0x0000008e33400000)]
  0x00000263cd331000 JavaThread "Execution worker for ':' Thread 3" [_thread_blocked, id=15904, stack(0x0000008e33400000,0x0000008e33500000)]
  0x00000263cd334000 JavaThread "Cache worker for execution history cache (D:\Rizky Indrawan\Kampus\Manajemen Informatka\Semester 5\Pemrograman Mobile\Prektek\latihan_mvvm\android\.gradle\6.7\executionHistory)" [_thread_blocked, id=712, stack(0x0000008e33500000,0x0000008e33600000)]
  0x00000263cd330000 JavaThread "Exec process" [_thread_in_native, id=16152, stack(0x0000008e33600000,0x0000008e33700000)]
  0x00000263cd331800 JavaThread "Exec process Thread 2" [_thread_in_native, id=13844, stack(0x0000008e33800000,0x0000008e33900000)]
  0x00000263cd332800 JavaThread "Exec process Thread 3" [_thread_in_native, id=10888, stack(0x0000008e33900000,0x0000008e33a00000)]

Other Threads:
  0x00000263c4ff5800 VMThread "VM Thread" [stack: 0x0000008e29f00000,0x0000008e2a000000] [id=3404]
  0x00000263c5342000 WatcherThread [stack: 0x0000008e2a900000,0x0000008e2aa00000] [id=15372]
  0x00000263aa1bc000 GCTaskThread "GC Thread#0" [stack: 0x0000008e29a00000,0x0000008e29b00000] [id=9304]
  0x00000263c5839800 GCTaskThread "GC Thread#1" [stack: 0x0000008e2aa00000,0x0000008e2ab00000] [id=15392]
  0x00000263c53d3000 GCTaskThread "GC Thread#2" [stack: 0x0000008e2b700000,0x0000008e2b800000] [id=15616]
  0x00000263c669b000 GCTaskThread "GC Thread#3" [stack: 0x0000008e2b800000,0x0000008e2b900000] [id=13860]
  0x00000263aa1e1000 ConcurrentGCThread "G1 Main Marker" [stack: 0x0000008e29b00000,0x0000008e29c00000] [id=9664]
  0x00000263aa1e2800 ConcurrentGCThread "G1 Conc#0" [stack: 0x0000008e29c00000,0x0000008e29d00000] [id=15396]
  0x00000263aa228000 ConcurrentGCThread "G1 Refine#0" [stack: 0x0000008e29d00000,0x0000008e29e00000] [id=4064]
  0x00000263aa229000 ConcurrentGCThread "G1 Young RemSet Sampling" [stack: 0x0000008e29e00000,0x0000008e29f00000] [id=13260]

Threads with active compile tasks:
C2 CompilerThread0 551514 12838   !   4       org.gradle.launcher.daemon.server.exec.DaemonConnectionBackedEventConsumer$ForwardEvents::getNextEvent (27 bytes)

VM state:not at safepoint (normal execution)

VM Mutex/Monitor currently owned by a thread: None

Heap address: 0x00000000a0000000, size: 1536 MB, Compressed Oops mode: 32-bit
Narrow klass base: 0x0000000000000000, Narrow klass shift: 3
Compressed class space size: 1073741824 Address: 0x0000000100000000

Heap:
 garbage-first heap   total 180224K, used 113544K [0x00000000a0000000, 0x0000000100000000)
  region size 1024K, 13 young (13312K), 3 survivors (3072K)
 Metaspace       used 89944K, capacity 92689K, committed 92928K, reserved 1130496K
  class space    used 11472K, capacity 12473K, committed 12544K, reserved 1048576K
Heap Regions: E=young(eden), S=young(survivor), O=old, HS=humongous(starts), HC=humongous(continues), CS=collection set, F=free, A=archive, TAMS=top-at-mark-start (previous, next)
|   0|0x00000000a0000000, 0x00000000a0100000, 0x00000000a0100000|100%| O|  |TAMS 0x00000000a0100000, 0x00000000a0000000| Untracked 
|   1|0x00000000a0100000, 0x00000000a0200000, 0x00000000a0200000|100%| O|  |TAMS 0x00000000a0200000, 0x00000000a0100000| Untracked 
|   2|0x00000000a0200000, 0x00000000a0300000, 0x00000000a0300000|100%| O|  |TAMS 0x00000000a0300000, 0x00000000a0200000| Untracked 
|   3|0x00000000a0300000, 0x00000000a0400000, 0x00000000a0400000|100%|HS|  |TAMS 0x00000000a0400000, 0x00000000a0300000| Complete 
|   4|0x00000000a0400000, 0x00000000a0500000, 0x00000000a0500000|100%|HC|  |TAMS 0x00000000a0500000, 0x00000000a0400000| Complete 
|   5|0x00000000a0500000, 0x00000000a0600000, 0x00000000a0600000|100%|HC|  |TAMS 0x00000000a0600000, 0x00000000a0500000| Complete 
|   6|0x00000000a0600000, 0x00000000a0700000, 0x00000000a0700000|100%| O|  |TAMS 0x00000000a0700000, 0x00000000a0600000| Untracked 
|   7|0x00000000a0700000, 0x00000000a0800000, 0x00000000a0800000|100%| O|  |TAMS 0x00000000a0800000, 0x00000000a0700000| Untracked 
|   8|0x00000000a0800000, 0x00000000a0900000, 0x00000000a0900000|100%| O|  |TAMS 0x00000000a0900000, 0x00000000a0800000| Untracked 
|   9|0x00000000a0900000, 0x00000000a0a00000, 0x00000000a0a00000|100%| O|  |TAMS 0x00000000a0a00000, 0x00000000a0900000| Untracked 
|  10|0x00000000a0a00000, 0x00000000a0b00000, 0x00000000a0b00000|100%| O|  |TAMS 0x00000000a0b00000, 0x00000000a0a00000| Untracked 
|  11|0x00000000a0b00000, 0x00000000a0c00000, 0x00000000a0c00000|100%| O|  |TAMS 0x00000000a0c00000, 0x00000000a0b00000| Untracked 
|  12|0x00000000a0c00000, 0x00000000a0d00000, 0x00000000a0d00000|100%| O|  |TAMS 0x00000000a0d00000, 0x00000000a0c00000| Untracked 
|  13|0x00000000a0d00000, 0x00000000a0e00000, 0x00000000a0e00000|100%| O|  |TAMS 0x00000000a0e00000, 0x00000000a0d00000| Untracked 
|  14|0x00000000a0e00000, 0x00000000a0f00000, 0x00000000a0f00000|100%| O|  |TAMS 0x00000000a0f00000, 0x00000000a0e00000| Untracked 
|  15|0x00000000a0f00000, 0x00000000a1000000, 0x00000000a1000000|100%| O|  |TAMS 0x00000000a1000000, 0x00000000a0f00000| Untracked 
|  16|0x00000000a1000000, 0x00000000a1100000, 0x00000000a1100000|100%| O|  |TAMS 0x00000000a1100000, 0x00000000a1000000| Untracked 
|  17|0x00000000a1100000, 0x00000000a1200000, 0x00000000a1200000|100%| O|  |TAMS 0x00000000a1200000, 0x00000000a1100000| Untracked 
|  18|0x00000000a1200000, 0x00000000a1300000, 0x00000000a1300000|100%| O|  |TAMS 0x00000000a1300000, 0x00000000a1200000| Untracked 
|  19|0x00000000a1300000, 0x00000000a1400000, 0x00000000a1400000|100%| O|  |TAMS 0x00000000a1400000, 0x00000000a1300000| Untracked 
|  20|0x00000000a1400000, 0x00000000a1500000, 0x00000000a1500000|100%| O|  |TAMS 0x00000000a1500000, 0x00000000a1400000| Untracked 
|  21|0x00000000a1500000, 0x00000000a1600000, 0x00000000a1600000|100%| O|  |TAMS 0x00000000a1600000, 0x00000000a1500000| Untracked 
|  22|0x00000000a1600000, 0x00000000a1700000, 0x00000000a1700000|100%| O|  |TAMS 0x00000000a1700000, 0x00000000a1600000| Untracked 
|  23|0x00000000a1700000, 0x00000000a1800000, 0x00000000a1800000|100%| O|  |TAMS 0x00000000a1800000, 0x00000000a1700000| Untracked 
|  24|0x00000000a1800000, 0x00000000a1900000, 0x00000000a1900000|100%| O|  |TAMS 0x00000000a1900000, 0x00000000a1800000| Untracked 
|  25|0x00000000a1900000, 0x00000000a1a00000, 0x00000000a1a00000|100%| O|  |TAMS 0x00000000a1a00000, 0x00000000a1900000| Untracked 
|  26|0x00000000a1a00000, 0x00000000a1b00000, 0x00000000a1b00000|100%| O|  |TAMS 0x00000000a1b00000, 0x00000000a1a00000| Untracked 
|  27|0x00000000a1b00000, 0x00000000a1c00000, 0x00000000a1c00000|100%|HS|  |TAMS 0x00000000a1c00000, 0x00000000a1b00000| Complete 
|  28|0x00000000a1c00000, 0x00000000a1d00000, 0x00000000a1d00000|100%| O|  |TAMS 0x00000000a1d00000, 0x00000000a1c00000| Untracked 
|  29|0x00000000a1d00000, 0x00000000a1e00000, 0x00000000a1e00000|100%|HS|  |TAMS 0x00000000a1e00000, 0x00000000a1d00000| Complete 
|  30|0x00000000a1e00000, 0x00000000a1f00000, 0x00000000a1f00000|100%|HC|  |TAMS 0x00000000a1f00000, 0x00000000a1e00000| Complete 
|  31|0x00000000a1f00000, 0x00000000a2000000, 0x00000000a2000000|100%|HC|  |TAMS 0x00000000a2000000, 0x00000000a1f00000| Complete 
|  32|0x00000000a2000000, 0x00000000a2100000, 0x00000000a2100000|100%| O|  |TAMS 0x00000000a2100000, 0x00000000a2000000| Untracked 
|  33|0x00000000a2100000, 0x00000000a2200000, 0x00000000a2200000|100%| O|  |TAMS 0x00000000a2200000, 0x00000000a2100000| Untracked 
|  34|0x00000000a2200000, 0x00000000a2300000, 0x00000000a2300000|100%| O|  |TAMS 0x00000000a2300000, 0x00000000a2200000| Untracked 
|  35|0x00000000a2300000, 0x00000000a2400000, 0x00000000a2400000|100%|HS|  |TAMS 0x00000000a2400000, 0x00000000a2300000| Complete 
|  36|0x00000000a2400000, 0x00000000a2500000, 0x00000000a2500000|100%|HC|  |TAMS 0x00000000a2500000, 0x00000000a2400000| Complete 
|  37|0x00000000a2500000, 0x00000000a2600000, 0x00000000a2600000|100%| O|  |TAMS 0x00000000a2600000, 0x00000000a2500000| Untracked 
|  38|0x00000000a2600000, 0x00000000a2700000, 0x00000000a2700000|100%| O|  |TAMS 0x00000000a2700000, 0x00000000a2600000| Untracked 
|  39|0x00000000a2700000, 0x00000000a2800000, 0x00000000a2800000|100%| O|  |TAMS 0x00000000a2800000, 0x00000000a2700000| Untracked 
|  40|0x00000000a2800000, 0x00000000a2900000, 0x00000000a2900000|100%| O|  |TAMS 0x00000000a2900000, 0x00000000a2800000| Untracked 
|  41|0x00000000a2900000, 0x00000000a2a00000, 0x00000000a2a00000|100%| O|  |TAMS 0x00000000a2a00000, 0x00000000a2900000| Untracked 
|  42|0x00000000a2a00000, 0x00000000a2b00000, 0x00000000a2b00000|100%| O|  |TAMS 0x00000000a2b00000, 0x00000000a2a00000| Untracked 
|  43|0x00000000a2b00000, 0x00000000a2c00000, 0x00000000a2c00000|100%| O|  |TAMS 0x00000000a2c00000, 0x00000000a2b00000| Untracked 
|  44|0x00000000a2c00000, 0x00000000a2d00000, 0x00000000a2d00000|100%| O|  |TAMS 0x00000000a2d00000, 0x00000000a2c00000| Untracked 
|  45|0x00000000a2d00000, 0x00000000a2e00000, 0x00000000a2e00000|100%| O|  |TAMS 0x00000000a2e00000, 0x00000000a2d00000| Untracked 
|  46|0x00000000a2e00000, 0x00000000a2f00000, 0x00000000a2f00000|100%| O|  |TAMS 0x00000000a2f00000, 0x00000000a2e00000| Untracked 
|  47|0x00000000a2f00000, 0x00000000a3000000, 0x00000000a3000000|100%| O|  |TAMS 0x00000000a3000000, 0x00000000a2f00000| Untracked 
|  48|0x00000000a3000000, 0x00000000a3100000, 0x00000000a3100000|100%| O|  |TAMS 0x00000000a3100000, 0x00000000a3000000| Untracked 
|  49|0x00000000a3100000, 0x00000000a3200000, 0x00000000a3200000|100%| O|  |TAMS 0x00000000a3200000, 0x00000000a3100000| Untracked 
|  50|0x00000000a3200000, 0x00000000a3300000, 0x00000000a3300000|100%| O|  |TAMS 0x00000000a3300000, 0x00000000a3200000| Untracked 
|  51|0x00000000a3300000, 0x00000000a3400000, 0x00000000a3400000|100%| O|  |TAMS 0x00000000a3400000, 0x00000000a3300000| Untracked 
|  52|0x00000000a3400000, 0x00000000a3500000, 0x00000000a3500000|100%| O|  |TAMS 0x00000000a3500000, 0x00000000a3400000| Untracked 
|  53|0x00000000a3500000, 0x00000000a3600000, 0x00000000a3600000|100%| O|  |TAMS 0x00000000a3600000, 0x00000000a3500000| Untracked 
|  54|0x00000000a3600000, 0x00000000a3700000, 0x00000000a3700000|100%| O|  |TAMS 0x00000000a3700000, 0x00000000a3600000| Untracked 
|  55|0x00000000a3700000, 0x00000000a3800000, 0x00000000a3800000|100%| O|  |TAMS 0x00000000a3800000, 0x00000000a3700000| Untracked 
|  56|0x00000000a3800000, 0x00000000a3900000, 0x00000000a3900000|100%| O|  |TAMS 0x00000000a3900000, 0x00000000a3800000| Untracked 
|  57|0x00000000a3900000, 0x00000000a3a00000, 0x00000000a3a00000|100%| O|  |TAMS 0x00000000a3a00000, 0x00000000a3900000| Untracked 
|  58|0x00000000a3a00000, 0x00000000a3b00000, 0x00000000a3b00000|100%| O|  |TAMS 0x00000000a3b00000, 0x00000000a3a00000| Untracked 
|  59|0x00000000a3b00000, 0x00000000a3c00000, 0x00000000a3c00000|100%|HS|  |TAMS 0x00000000a3c00000, 0x00000000a3b00000| Complete 
|  60|0x00000000a3c00000, 0x00000000a3d00000, 0x00000000a3d00000|100%|HC|  |TAMS 0x00000000a3d00000, 0x00000000a3c00000| Complete 
|  61|0x00000000a3d00000, 0x00000000a3e00000, 0x00000000a3e00000|100%|HC|  |TAMS 0x00000000a3e00000, 0x00000000a3d00000| Complete 
|  62|0x00000000a3e00000, 0x00000000a3f00000, 0x00000000a3f00000|100%| O|  |TAMS 0x00000000a3f00000, 0x00000000a3e00000| Untracked 
|  63|0x00000000a3f00000, 0x00000000a4000000, 0x00000000a4000000|100%| O|  |TAMS 0x00000000a4000000, 0x00000000a3f00000| Untracked 
|  64|0x00000000a4000000, 0x00000000a4100000, 0x00000000a4100000|100%| O|  |TAMS 0x00000000a4100000, 0x00000000a4000000| Untracked 
|  65|0x00000000a4100000, 0x00000000a4200000, 0x00000000a4200000|100%| O|  |TAMS 0x00000000a4200000, 0x00000000a4100000| Untracked 
|  66|0x00000000a4200000, 0x00000000a4300000, 0x00000000a4300000|100%| O|  |TAMS 0x00000000a4300000, 0x00000000a4200000| Untracked 
|  67|0x00000000a4300000, 0x00000000a4400000, 0x00000000a4400000|100%| O|  |TAMS 0x00000000a4400000, 0x00000000a4300000| Untracked 
|  68|0x00000000a4400000, 0x00000000a4500000, 0x00000000a4500000|100%| O|  |TAMS 0x00000000a4500000, 0x00000000a4400000| Untracked 
|  69|0x00000000a4500000, 0x00000000a4600000, 0x00000000a4600000|100%| O|  |TAMS 0x00000000a4600000, 0x00000000a4500000| Untracked 
|  70|0x00000000a4600000, 0x00000000a4700000, 0x00000000a4700000|100%| O|  |TAMS 0x00000000a4700000, 0x00000000a4600000| Untracked 
|  71|0x00000000a4700000, 0x00000000a4800000, 0x00000000a4800000|100%| O|  |TAMS 0x00000000a4800000, 0x00000000a4700000| Untracked 
|  72|0x00000000a4800000, 0x00000000a4900000, 0x00000000a4900000|100%| O|  |TAMS 0x00000000a4900000, 0x00000000a4800000| Untracked 
|  73|0x00000000a4900000, 0x00000000a4a00000, 0x00000000a4a00000|100%| O|  |TAMS 0x00000000a4a00000, 0x00000000a4900000| Untracked 
|  74|0x00000000a4a00000, 0x00000000a4b00000, 0x00000000a4b00000|100%| O|  |TAMS 0x00000000a4b00000, 0x00000000a4a00000| Untracked 
|  75|0x00000000a4b00000, 0x00000000a4c00000, 0x00000000a4c00000|100%| O|  |TAMS 0x00000000a4c00000, 0x00000000a4b00000| Untracked 
|  76|0x00000000a4c00000, 0x00000000a4d00000, 0x00000000a4d00000|100%| O|  |TAMS 0x00000000a4d00000, 0x00000000a4c00000| Untracked 
|  77|0x00000000a4d00000, 0x00000000a4e00000, 0x00000000a4e00000|100%| O|  |TAMS 0x00000000a4e00000, 0x00000000a4d00000| Untracked 
|  78|0x00000000a4e00000, 0x00000000a4f00000, 0x00000000a4f00000|100%| O|  |TAMS 0x00000000a4f00000, 0x00000000a4e00000| Untracked 
|  79|0x00000000a4f00000, 0x00000000a5000000, 0x00000000a5000000|100%| O|  |TAMS 0x00000000a5000000, 0x00000000a4f00000| Untracked 
|  80|0x00000000a5000000, 0x00000000a5100000, 0x00000000a5100000|100%| O|  |TAMS 0x00000000a5100000, 0x00000000a5000000| Untracked 
|  81|0x00000000a5100000, 0x00000000a5200000, 0x00000000a5200000|100%| O|  |TAMS 0x00000000a5200000, 0x00000000a5100000| Untracked 
|  82|0x00000000a5200000, 0x00000000a5300000, 0x00000000a5300000|100%| O|  |TAMS 0x00000000a5300000, 0x00000000a5200000| Untracked 
|  83|0x00000000a5300000, 0x00000000a5400000, 0x00000000a5400000|100%| O|  |TAMS 0x00000000a5400000, 0x00000000a5300000| Untracked 
|  84|0x00000000a5400000, 0x00000000a5500000, 0x00000000a5500000|100%| O|  |TAMS 0x00000000a5500000, 0x00000000a5400000| Untracked 
|  85|0x00000000a5500000, 0x00000000a5600000, 0x00000000a5600000|100%| O|  |TAMS 0x00000000a5600000, 0x00000000a5500000| Untracked 
|  86|0x00000000a5600000, 0x00000000a5700000, 0x00000000a5700000|100%| O|  |TAMS 0x00000000a5700000, 0x00000000a5600000| Untracked 
|  87|0x00000000a5700000, 0x00000000a5800000, 0x00000000a5800000|100%| O|  |TAMS 0x00000000a5800000, 0x00000000a5700000| Untracked 
|  88|0x00000000a5800000, 0x00000000a5900000, 0x00000000a5900000|100%| O|  |TAMS 0x00000000a5900000, 0x00000000a5800000| Untracked 
|  89|0x00000000a5900000, 0x00000000a5a00000, 0x00000000a5a00000|100%| O|  |TAMS 0x00000000a5a00000, 0x00000000a5900000| Untracked 
|  90|0x00000000a5a00000, 0x00000000a5b00000, 0x00000000a5b00000|100%| O|  |TAMS 0x00000000a5b00000, 0x00000000a5a00000| Untracked 
|  91|0x00000000a5b00000, 0x00000000a5c00000, 0x00000000a5c00000|100%| O|  |TAMS 0x00000000a5c00000, 0x00000000a5b00000| Untracked 
|  92|0x00000000a5c00000, 0x00000000a5d00000, 0x00000000a5d00000|100%| O|  |TAMS 0x00000000a5c00000, 0x00000000a5c00000| Untracked 
|  93|0x00000000a5d00000, 0x00000000a5e00000, 0x00000000a5e00000|100%| O|  |TAMS 0x00000000a5d00000, 0x00000000a5d00000| Untracked 
|  94|0x00000000a5e00000, 0x00000000a5f00000, 0x00000000a5f00000|100%| O|  |TAMS 0x00000000a5e00000, 0x00000000a5e00000| Untracked 
|  95|0x00000000a5f00000, 0x00000000a6000000, 0x00000000a6000000|100%| O|  |TAMS 0x00000000a5f00000, 0x00000000a5f00000| Untracked 
|  96|0x00000000a6000000, 0x00000000a6100000, 0x00000000a6100000|100%| O|  |TAMS 0x00000000a6000000, 0x00000000a6000000| Untracked 
|  97|0x00000000a6100000, 0x00000000a6200000, 0x00000000a6200000|100%| O|  |TAMS 0x00000000a6100000, 0x00000000a6100000| Untracked 
|  98|0x00000000a6200000, 0x00000000a6300000, 0x00000000a6300000|100%| O|  |TAMS 0x00000000a6200000, 0x00000000a6200000| Untracked 
|  99|0x00000000a6300000, 0x00000000a6349000, 0x00000000a6400000| 28%| O|  |TAMS 0x00000000a6300000, 0x00000000a6300000| Untracked 
| 100|0x00000000a6400000, 0x00000000a6400000, 0x00000000a6500000|  0%| F|  |TAMS 0x00000000a6400000, 0x00000000a6400000| Untracked 
| 101|0x00000000a6500000, 0x00000000a6500000, 0x00000000a6600000|  0%| F|  |TAMS 0x00000000a6500000, 0x00000000a6500000| Untracked 
| 102|0x00000000a6600000, 0x00000000a6600000, 0x00000000a6700000|  0%| F|  |TAMS 0x00000000a6600000, 0x00000000a6600000| Untracked 
| 103|0x00000000a6700000, 0x00000000a6700000, 0x00000000a6800000|  0%| F|  |TAMS 0x00000000a6700000, 0x00000000a6700000| Untracked 
| 104|0x00000000a6800000, 0x00000000a6800000, 0x00000000a6900000|  0%| F|  |TAMS 0x00000000a6800000, 0x00000000a6800000| Untracked 
| 105|0x00000000a6900000, 0x00000000a6900000, 0x00000000a6a00000|  0%| F|  |TAMS 0x00000000a6900000, 0x00000000a6900000| Untracked 
| 106|0x00000000a6a00000, 0x00000000a6a00000, 0x00000000a6b00000|  0%| F|  |TAMS 0x00000000a6a00000, 0x00000000a6a00000| Untracked 
| 107|0x00000000a6b00000, 0x00000000a6b00000, 0x00000000a6c00000|  0%| F|  |TAMS 0x00000000a6b00000, 0x00000000a6b00000| Untracked 
| 108|0x00000000a6c00000, 0x00000000a6c00000, 0x00000000a6d00000|  0%| F|  |TAMS 0x00000000a6c00000, 0x00000000a6c00000| Untracked 
| 109|0x00000000a6d00000, 0x00000000a6d00000, 0x00000000a6e00000|  0%| F|  |TAMS 0x00000000a6d00000, 0x00000000a6d00000| Untracked 
| 110|0x00000000a6e00000, 0x00000000a6e00000, 0x00000000a6f00000|  0%| F|  |TAMS 0x00000000a6e00000, 0x00000000a6e00000| Untracked 
| 111|0x00000000a6f00000, 0x00000000a6f00000, 0x00000000a7000000|  0%| F|  |TAMS 0x00000000a6f00000, 0x00000000a6f00000| Untracked 
| 112|0x00000000a7000000, 0x00000000a7000000, 0x00000000a7100000|  0%| F|  |TAMS 0x00000000a7000000, 0x00000000a7000000| Untracked 
| 113|0x00000000a7100000, 0x00000000a7100000, 0x00000000a7200000|  0%| F|  |TAMS 0x00000000a7100000, 0x00000000a7100000| Untracked 
| 114|0x00000000a7200000, 0x00000000a7200000, 0x00000000a7300000|  0%| F|  |TAMS 0x00000000a7200000, 0x00000000a7200000| Untracked 
| 115|0x00000000a7300000, 0x00000000a7300000, 0x00000000a7400000|  0%| F|  |TAMS 0x00000000a7300000, 0x00000000a7300000| Untracked 
| 116|0x00000000a7400000, 0x00000000a7400000, 0x00000000a7500000|  0%| F|  |TAMS 0x00000000a7400000, 0x00000000a7400000| Untracked 
| 117|0x00000000a7500000, 0x00000000a7500000, 0x00000000a7600000|  0%| F|  |TAMS 0x00000000a7500000, 0x00000000a7500000| Untracked 
| 118|0x00000000a7600000, 0x00000000a7600000, 0x00000000a7700000|  0%| F|  |TAMS 0x00000000a7600000, 0x00000000a7600000| Untracked 
| 119|0x00000000a7700000, 0x00000000a7700000, 0x00000000a7800000|  0%| F|  |TAMS 0x00000000a7700000, 0x00000000a7700000| Untracked 
| 120|0x00000000a7800000, 0x00000000a7800000, 0x00000000a7900000|  0%| F|  |TAMS 0x00000000a7800000, 0x00000000a7800000| Untracked 
| 121|0x00000000a7900000, 0x00000000a7900000, 0x00000000a7a00000|  0%| F|  |TAMS 0x00000000a7900000, 0x00000000a7900000| Untracked 
| 122|0x00000000a7a00000, 0x00000000a7a00000, 0x00000000a7b00000|  0%| F|  |TAMS 0x00000000a7a00000, 0x00000000a7a00000| Untracked 
| 123|0x00000000a7b00000, 0x00000000a7b00000, 0x00000000a7c00000|  0%| F|  |TAMS 0x00000000a7b00000, 0x00000000a7b00000| Untracked 
| 124|0x00000000a7c00000, 0x00000000a7c00000, 0x00000000a7d00000|  0%| F|  |TAMS 0x00000000a7c00000, 0x00000000a7c00000| Untracked 
| 125|0x00000000a7d00000, 0x00000000a7d00000, 0x00000000a7e00000|  0%| F|  |TAMS 0x00000000a7d00000, 0x00000000a7d00000| Untracked 
| 126|0x00000000a7e00000, 0x00000000a7e00000, 0x00000000a7f00000|  0%| F|  |TAMS 0x00000000a7e00000, 0x00000000a7e00000| Untracked 
| 127|0x00000000a7f00000, 0x00000000a7f00000, 0x00000000a8000000|  0%| F|  |TAMS 0x00000000a7f00000, 0x00000000a7f00000| Untracked 
| 128|0x00000000a8000000, 0x00000000a8000000, 0x00000000a8100000|  0%| F|  |TAMS 0x00000000a8000000, 0x00000000a8000000| Untracked 
| 129|0x00000000a8100000, 0x00000000a8100000, 0x00000000a8200000|  0%| F|  |TAMS 0x00000000a8100000, 0x00000000a8100000| Untracked 
| 130|0x00000000a8200000, 0x00000000a8200000, 0x00000000a8300000|  0%| F|  |TAMS 0x00000000a8200000, 0x00000000a8200000| Untracked 
| 131|0x00000000a8300000, 0x00000000a8300000, 0x00000000a8400000|  0%| F|  |TAMS 0x00000000a8300000, 0x00000000a8300000| Untracked 
| 132|0x00000000a8400000, 0x00000000a8400000, 0x00000000a8500000|  0%| F|  |TAMS 0x00000000a8400000, 0x00000000a8400000| Untracked 
| 133|0x00000000a8500000, 0x00000000a8500000, 0x00000000a8600000|  0%| F|  |TAMS 0x00000000a8500000, 0x00000000a8500000| Untracked 
| 134|0x00000000a8600000, 0x00000000a8600000, 0x00000000a8700000|  0%| F|  |TAMS 0x00000000a8600000, 0x00000000a8600000| Untracked 
| 135|0x00000000a8700000, 0x00000000a8700000, 0x00000000a8800000|  0%| F|  |TAMS 0x00000000a8700000, 0x00000000a8700000| Untracked 
| 136|0x00000000a8800000, 0x00000000a8800000, 0x00000000a8900000|  0%| F|  |TAMS 0x00000000a8800000, 0x00000000a8800000| Untracked 
| 137|0x00000000a8900000, 0x00000000a8900000, 0x00000000a8a00000|  0%| F|  |TAMS 0x00000000a8900000, 0x00000000a8900000| Untracked 
| 138|0x00000000a8a00000, 0x00000000a8a00000, 0x00000000a8b00000|  0%| F|  |TAMS 0x00000000a8a00000, 0x00000000a8a00000| Untracked 
| 139|0x00000000a8b00000, 0x00000000a8b00000, 0x00000000a8c00000|  0%| F|  |TAMS 0x00000000a8b00000, 0x00000000a8b00000| Untracked 
| 140|0x00000000a8c00000, 0x00000000a8c00000, 0x00000000a8d00000|  0%| F|  |TAMS 0x00000000a8c00000, 0x00000000a8c00000| Untracked 
| 141|0x00000000a8d00000, 0x00000000a8d00000, 0x00000000a8e00000|  0%| F|  |TAMS 0x00000000a8d00000, 0x00000000a8d00000| Untracked 
| 142|0x00000000a8e00000, 0x00000000a8e00000, 0x00000000a8f00000|  0%| F|  |TAMS 0x00000000a8e00000, 0x00000000a8e00000| Untracked 
| 143|0x00000000a8f00000, 0x00000000a8f00000, 0x00000000a9000000|  0%| F|  |TAMS 0x00000000a8f00000, 0x00000000a8f00000| Untracked 
| 144|0x00000000a9000000, 0x00000000a9000000, 0x00000000a9100000|  0%| F|  |TAMS 0x00000000a9000000, 0x00000000a9000000| Untracked 
| 145|0x00000000a9100000, 0x00000000a9100000, 0x00000000a9200000|  0%| F|  |TAMS 0x00000000a9100000, 0x00000000a9100000| Untracked 
| 146|0x00000000a9200000, 0x00000000a9200000, 0x00000000a9300000|  0%| F|  |TAMS 0x00000000a9200000, 0x00000000a9200000| Untracked 
| 147|0x00000000a9300000, 0x00000000a9300000, 0x00000000a9400000|  0%| F|  |TAMS 0x00000000a9300000, 0x00000000a9300000| Untracked 
| 148|0x00000000a9400000, 0x00000000a9400000, 0x00000000a9500000|  0%| F|  |TAMS 0x00000000a9400000, 0x00000000a9400000| Untracked 
| 149|0x00000000a9500000, 0x00000000a9500000, 0x00000000a9600000|  0%| F|  |TAMS 0x00000000a9500000, 0x00000000a9500000| Untracked 
| 150|0x00000000a9600000, 0x00000000a9600000, 0x00000000a9700000|  0%| F|  |TAMS 0x00000000a9600000, 0x00000000a9600000| Untracked 
| 151|0x00000000a9700000, 0x00000000a9700000, 0x00000000a9800000|  0%| F|  |TAMS 0x00000000a9700000, 0x00000000a9700000| Untracked 
| 152|0x00000000a9800000, 0x00000000a9800000, 0x00000000a9900000|  0%| F|  |TAMS 0x00000000a9800000, 0x00000000a9800000| Untracked 
| 153|0x00000000a9900000, 0x00000000a9900000, 0x00000000a9a00000|  0%| F|  |TAMS 0x00000000a9900000, 0x00000000a9900000| Untracked 
| 154|0x00000000a9a00000, 0x00000000a9a00000, 0x00000000a9b00000|  0%| F|  |TAMS 0x00000000a9a00000, 0x00000000a9a00000| Untracked 
| 155|0x00000000a9b00000, 0x00000000a9b00000, 0x00000000a9c00000|  0%| F|  |TAMS 0x00000000a9b00000, 0x00000000a9b00000| Untracked 
| 156|0x00000000a9c00000, 0x00000000a9c00000, 0x00000000a9d00000|  0%| F|  |TAMS 0x00000000a9c00000, 0x00000000a9c00000| Untracked 
| 157|0x00000000a9d00000, 0x00000000a9d00000, 0x00000000a9e00000|  0%| F|  |TAMS 0x00000000a9d00000, 0x00000000a9d00000| Untracked 
| 158|0x00000000a9e00000, 0x00000000a9e00000, 0x00000000a9f00000|  0%| F|  |TAMS 0x00000000a9e00000, 0x00000000a9e00000| Untracked 
| 159|0x00000000a9f00000, 0x00000000a9f00000, 0x00000000aa000000|  0%| F|  |TAMS 0x00000000a9f00000, 0x00000000a9f00000| Untracked 
| 160|0x00000000aa000000, 0x00000000aa099250, 0x00000000aa100000| 59%| S|CS|TAMS 0x00000000aa000000, 0x00000000aa000000| Complete 
| 161|0x00000000aa100000, 0x00000000aa200000, 0x00000000aa200000|100%| S|CS|TAMS 0x00000000aa100000, 0x00000000aa100000| Complete 
| 162|0x00000000aa200000, 0x00000000aa300000, 0x00000000aa300000|100%| S|CS|TAMS 0x00000000aa200000, 0x00000000aa200000| Complete 
| 163|0x00000000aa300000, 0x00000000aa300000, 0x00000000aa400000|  0%| F|  |TAMS 0x00000000aa300000, 0x00000000aa300000| Untracked 
| 164|0x00000000aa400000, 0x00000000aa400000, 0x00000000aa500000|  0%| F|  |TAMS 0x00000000aa400000, 0x00000000aa400000| Untracked 
| 165|0x00000000aa500000, 0x00000000aa500000, 0x00000000aa600000|  0%| F|  |TAMS 0x00000000aa500000, 0x00000000aa500000| Untracked 
| 166|0x00000000aa600000, 0x00000000aa61df98, 0x00000000aa700000| 11%| E|  |TAMS 0x00000000aa600000, 0x00000000aa600000| Complete 
| 167|0x00000000aa700000, 0x00000000aa800000, 0x00000000aa800000|100%| E|CS|TAMS 0x00000000aa700000, 0x00000000aa700000| Complete 
| 168|0x00000000aa800000, 0x00000000aa900000, 0x00000000aa900000|100%| E|CS|TAMS 0x00000000aa800000, 0x00000000aa800000| Complete 
| 169|0x00000000aa900000, 0x00000000aaa00000, 0x00000000aaa00000|100%| E|CS|TAMS 0x00000000aa900000, 0x00000000aa900000| Complete 
| 170|0x00000000aaa00000, 0x00000000aab00000, 0x00000000aab00000|100%| E|CS|TAMS 0x00000000aaa00000, 0x00000000aaa00000| Complete 
| 171|0x00000000aab00000, 0x00000000aac00000, 0x00000000aac00000|100%| E|CS|TAMS 0x00000000aab00000, 0x00000000aab00000| Complete 
| 172|0x00000000aac00000, 0x00000000aad00000, 0x00000000aad00000|100%| E|CS|TAMS 0x00000000aac00000, 0x00000000aac00000| Complete 
| 173|0x00000000aad00000, 0x00000000aae00000, 0x00000000aae00000|100%| E|CS|TAMS 0x00000000aad00000, 0x00000000aad00000| Complete 
| 174|0x00000000aae00000, 0x00000000aaf00000, 0x00000000aaf00000|100%| E|CS|TAMS 0x00000000aae00000, 0x00000000aae00000| Complete 
| 175|0x00000000aaf00000, 0x00000000ab000000, 0x00000000ab000000|100%| E|CS|TAMS 0x00000000aaf00000, 0x00000000aaf00000| Complete 

Card table byte_map: [0x00000263bec30000,0x00000263bef30000] _byte_map_base: 0x00000263be730000

Marking Bits (Prev, Next): (CMBitMap*) 0x00000263aa1da6d0, (CMBitMap*) 0x00000263aa1da698
 Prev Bits: [0x00000263c0a30000, 0x00000263c2230000)
 Next Bits: [0x00000263bf230000, 0x00000263c0a30000)

Polling page: 0x00000263aa280000

Metaspace:

Usage:
  Non-class:     78.34 MB capacity,    76.63 MB ( 98%) used,     1.47 MB (  2%) free+waste,   243.50 KB ( <1%) overhead. 
      Class:     12.18 MB capacity,    11.20 MB ( 92%) used,   890.00 KB (  7%) free+waste,   110.56 KB ( <1%) overhead. 
       Both:     90.52 MB capacity,    87.84 MB ( 97%) used,     2.33 MB (  3%) free+waste,   354.06 KB ( <1%) overhead. 

Virtual space:
  Non-class space:       80.00 MB reserved,      78.50 MB ( 98%) committed 
      Class space:        1.00 GB reserved,      12.25 MB (  1%) committed 
             Both:        1.08 GB reserved,      90.75 MB (  8%) committed 

Chunk freelists:
   Non-Class:  40.00 KB
       Class:  7.00 KB
        Both:  47.00 KB

MaxMetaspaceSize: 17179869184.00 GB
CompressedClassSpaceSize: 1.00 GB

CodeHeap 'non-profiled nmethods': size=120064Kb used=6350Kb max_used=6350Kb free=113714Kb
 bounds [0x00000263b6dc0000, 0x00000263b7400000, 0x00000263be300000]
CodeHeap 'profiled nmethods': size=120000Kb used=23292Kb max_used=23292Kb free=96708Kb
 bounds [0x00000263af890000, 0x00000263b0f70000, 0x00000263b6dc0000]
CodeHeap 'non-nmethods': size=5696Kb used=2276Kb max_used=2322Kb free=3419Kb
 bounds [0x00000263af300000, 0x00000263af570000, 0x00000263af890000]
 total_blobs=12405 nmethods=11534 adapters=781
 compilation: enabled
              stopped_count=0, restarted_count=0
 full_count=0

Compilation events (20 events):
Event: 514.241 Thread 0x00000263c5084800 nmethod 12826 0x00000263b0f59590 code [0x00000263b0f599a0, 0x00000263b0f5b6a8]
Event: 517.848 Thread 0x00000263c507e000 12827       4       jdk.internal.misc.Unsafe::allocateUninitializedArray (52 bytes)
Event: 517.898 Thread 0x00000263c507e000 nmethod 12827 0x00000263b73f2910 code [0x00000263b73f2aa0, 0x00000263b73f2c38]
Event: 518.561 Thread 0x00000263c5084800 12828       3       com.sun.jmx.mbeanserver.JmxMBeanServer::cloneObjectName (11 bytes)
Event: 518.589 Thread 0x00000263c5084800 nmethod 12828 0x00000263b0f5c010 code [0x00000263b0f5c240, 0x00000263b0f5c7f8]
Event: 518.589 Thread 0x00000263c5084800 12829       3       javax.management.ObjectName::getInstance (22 bytes)
Event: 518.590 Thread 0x00000263c5084800 nmethod 12829 0x00000263b0f5ca90 code [0x00000263b0f5cca0, 0x00000263b0f5d198]
Event: 518.729 Thread 0x00000263c507e000 12830       4       jdk.internal.misc.Unsafe::allocateUninitializedArray0 (90 bytes)
Event: 518.741 Thread 0x00000263c5084800 12831   !   3       java.util.concurrent.ThreadPoolExecutor::tryTerminate (163 bytes)
Event: 518.819 Thread 0x00000263c507e000 nmethod 12830 0x00000263b73f2d90 code [0x00000263b73f2f20, 0x00000263b73f30b8]
Event: 518.903 Thread 0x00000263c5084800 nmethod 12831 0x00000263b0f5d410 code [0x00000263b0f5d7a0, 0x00000263b0f5ef48]
Event: 525.116 Thread 0x00000263c5084800 12832       3       org.gradle.launcher.daemon.context.DefaultDaemonContext::<init> (44 bytes)
Event: 525.181 Thread 0x00000263c5084800 nmethod 12832 0x00000263b0f5f990 code [0x00000263b0f5fb60, 0x00000263b0f5ff58]
Event: 534.856 Thread 0x00000263c507e000 12834       4       jdk.internal.misc.Unsafe::allocateUninitializedArray (52 bytes)
Event: 534.911 Thread 0x00000263c507e000 nmethod 12834 0x00000263b73f3190 code [0x00000263b73f3320, 0x00000263b73f34b8]
Event: 548.602 Thread 0x00000263c5084800 12835       3       com.sun.jmx.interceptor.DefaultMBeanServerInterceptor::nonDefaultDomain (32 bytes)
Event: 548.971 Thread 0x00000263c5084800 nmethod 12835 0x00000263b0f60090 code [0x00000263b0f602c0, 0x00000263b0f60978]
Event: 551.028 Thread 0x00000263c507e000 12837       4       org.gradle.launcher.daemon.server.exec.DaemonConnectionBackedEventConsumer$ForwardEvents::moreMessagesToSend (35 bytes)
Event: 551.111 Thread 0x00000263c507e000 nmethod 12837 0x00000263b73f3610 code [0x00000263b73f37c0, 0x00000263b73f38c8]
Event: 551.112 Thread 0x00000263c507e000 12838   !   4       org.gradle.launcher.daemon.server.exec.DaemonConnectionBackedEventConsumer$ForwardEvents::getNextEvent (27 bytes)

GC Heap History (20 events):
Event: 31.765 GC heap before
{Heap before GC invocations=67 (full 0):
 garbage-first heap   total 122880K, used 98507K [0x00000000a0000000, 0x0000000100000000)
  region size 1024K, 30 young (30720K), 5 survivors (5120K)
 Metaspace       used 73085K, capacity 75394K, committed 75520K, reserved 1114112K
  class space    used 9563K, capacity 10412K, committed 10496K, reserved 1048576K
}
Event: 31.801 GC heap after
{Heap after GC invocations=68 (full 0):
 garbage-first heap   total 149504K, used 74915K [0x00000000a0000000, 0x0000000100000000)
  region size 1024K, 2 young (2048K), 2 survivors (2048K)
 Metaspace       used 73085K, capacity 75394K, committed 75520K, reserved 1114112K
  class space    used 9563K, capacity 10412K, committed 10496K, reserved 1048576K
}
Event: 33.124 GC heap before
{Heap before GC invocations=69 (full 0):
 garbage-first heap   total 149504K, used 108707K [0x00000000a0000000, 0x0000000100000000)
  region size 1024K, 35 young (35840K), 2 survivors (2048K)
 Metaspace       used 75441K, capacity 77777K, committed 77824K, reserved 1116160K
  class space    used 9898K, capacity 10717K, committed 10752K, reserved 1048576K
}
Event: 33.156 GC heap after
{Heap after GC invocations=70 (full 0):
 garbage-first heap   total 149504K, used 77733K [0x00000000a0000000, 0x0000000100000000)
  region size 1024K, 5 young (5120K), 5 survivors (5120K)
 Metaspace       used 75441K, capacity 77777K, committed 77824K, reserved 1116160K
  class space    used 9898K, capacity 10717K, committed 10752K, reserved 1048576K
}
Event: 35.620 GC heap before
{Heap before GC invocations=70 (full 0):
 garbage-first heap   total 149504K, used 112549K [0x00000000a0000000, 0x0000000100000000)
  region size 1024K, 39 young (39936K), 5 survivors (5120K)
 Metaspace       used 77496K, capacity 79884K, committed 80000K, reserved 1118208K
  class space    used 10156K, capacity 11024K, committed 11136K, reserved 1048576K
}
Event: 35.661 GC heap after
{Heap after GC invocations=71 (full 0):
 garbage-first heap   total 149504K, used 82027K [0x00000000a0000000, 0x0000000100000000)
  region size 1024K, 5 young (5120K), 5 survivors (5120K)
 Metaspace       used 77496K, capacity 79884K, committed 80000K, reserved 1118208K
  class space    used 10156K, capacity 11024K, committed 11136K, reserved 1048576K
}
Event: 38.331 GC heap before
{Heap before GC invocations=72 (full 0):
 garbage-first heap   total 149504K, used 114795K [0x00000000a0000000, 0x0000000100000000)
  region size 1024K, 38 young (38912K), 5 survivors (5120K)
 Metaspace       used 78861K, capacity 81410K, committed 81536K, reserved 1120256K
  class space    used 10373K, capacity 11286K, committed 11392K, reserved 1048576K
}
Event: 38.361 GC heap after
{Heap after GC invocations=73 (full 0):
 garbage-first heap   total 149504K, used 83430K [0x00000000a0000000, 0x0000000100000000)
  region size 1024K, 2 young (2048K), 2 survivors (2048K)
 Metaspace       used 78861K, capacity 81410K, committed 81536K, reserved 1120256K
  class space    used 10373K, capacity 11286K, committed 11392K, reserved 1048576K
}
Event: 41.406 GC heap before
{Heap before GC invocations=73 (full 0):
 garbage-first heap   total 149504K, used 117222K [0x00000000a0000000, 0x0000000100000000)
  region size 1024K, 36 young (36864K), 2 survivors (2048K)
 Metaspace       used 80014K, capacity 82632K, committed 82816K, reserved 1120256K
  class space    used 10478K, capacity 11386K, committed 11392K, reserved 1048576K
}
Event: 41.422 GC heap after
{Heap after GC invocations=74 (full 0):
 garbage-first heap   total 180224K, used 86069K [0x00000000a0000000, 0x0000000100000000)
  region size 1024K, 5 young (5120K), 5 survivors (5120K)
 Metaspace       used 80014K, capacity 82632K, committed 82816K, reserved 1120256K
  class space    used 10478K, capacity 11386K, committed 11392K, reserved 1048576K
}
Event: 42.448 GC heap before
{Heap before GC invocations=75 (full 0):
 garbage-first heap   total 180224K, used 131125K [0x00000000a0000000, 0x0000000100000000)
  region size 1024K, 50 young (51200K), 5 survivors (5120K)
 Metaspace       used 83883K, capacity 86463K, committed 86784K, reserved 1124352K
  class space    used 10981K, capacity 11936K, committed 12032K, reserved 1048576K
}
Event: 42.468 GC heap after
{Heap after GC invocations=76 (full 0):
 garbage-first heap   total 180224K, used 88284K [0x00000000a0000000, 0x0000000100000000)
  region size 1024K, 5 young (5120K), 5 survivors (5120K)
 Metaspace       used 83883K, capacity 86463K, committed 86784K, reserved 1124352K
  class space    used 10981K, capacity 11936K, committed 12032K, reserved 1048576K
}
Event: 43.995 GC heap before
{Heap before GC invocations=76 (full 0):
 garbage-first heap   total 180224K, used 137436K [0x00000000a0000000, 0x0000000100000000)
  region size 1024K, 54 young (55296K), 5 survivors (5120K)
 Metaspace       used 85498K, capacity 88116K, committed 88192K, reserved 1126400K
  class space    used 11168K, capacity 12089K, committed 12160K, reserved 1048576K
}
Event: 44.015 GC heap after
{Heap after GC invocations=77 (full 0):
 garbage-first heap   total 180224K, used 92012K [0x00000000a0000000, 0x0000000100000000)
  region size 1024K, 6 young (6144K), 6 survivors (6144K)
 Metaspace       used 85498K, capacity 88116K, committed 88192K, reserved 1126400K
  class space    used 11168K, capacity 12089K, committed 12160K, reserved 1048576K
}
Event: 452.659 GC heap before
{Heap before GC invocations=78 (full 0):
 garbage-first heap   total 180224K, used 141164K [0x00000000a0000000, 0x0000000100000000)
  region size 1024K, 55 young (56320K), 6 survivors (6144K)
 Metaspace       used 89038K, capacity 91674K, committed 91776K, reserved 1128448K
  class space    used 11395K, capacity 12322K, committed 12416K, reserved 1048576K
}
Event: 453.091 GC heap after
{Heap after GC invocations=79 (full 0):
 garbage-first heap   total 180224K, used 94601K [0x00000000a0000000, 0x0000000100000000)
  region size 1024K, 3 young (3072K), 3 survivors (3072K)
 Metaspace       used 89038K, capacity 91674K, committed 91776K, reserved 1128448K
  class space    used 11395K, capacity 12322K, committed 12416K, reserved 1048576K
}
Event: 459.497 GC heap before
{Heap before GC invocations=79 (full 0):
 garbage-first heap   total 180224K, used 143753K [0x00000000a0000000, 0x0000000100000000)
  region size 1024K, 52 young (53248K), 3 survivors (3072K)
 Metaspace       used 89593K, capacity 92359K, committed 92544K, reserved 1130496K
  class space    used 11429K, capacity 12384K, committed 12416K, reserved 1048576K
}
Event: 459.621 GC heap after
{Heap after GC invocations=80 (full 0):
 garbage-first heap   total 180224K, used 101376K [0x00000000a0000000, 0x0000000100000000)
  region size 1024K, 7 young (7168K), 7 survivors (7168K)
 Metaspace       used 89593K, capacity 92359K, committed 92544K, reserved 1130496K
  class space    used 11429K, capacity 12384K, committed 12416K, reserved 1048576K
}
Event: 461.334 GC heap before
{Heap before GC invocations=81 (full 0):
 garbage-first heap   total 180224K, used 114688K [0x00000000a0000000, 0x0000000100000000)
  region size 1024K, 20 young (20480K), 7 survivors (7168K)
 Metaspace       used 89672K, capacity 92376K, committed 92544K, reserved 1130496K
  class space    used 11430K, capacity 12387K, committed 12416K, reserved 1048576K
}
Event: 461.384 GC heap after
{Heap after GC invocations=82 (full 0):
 garbage-first heap   total 180224K, used 104328K [0x00000000a0000000, 0x0000000100000000)
  region size 1024K, 3 young (3072K), 3 survivors (3072K)
 Metaspace       used 89672K, capacity 92376K, committed 92544K, reserved 1130496K
  class space    used 11430K, capacity 12387K, committed 12416K, reserved 1048576K
}

Deoptimization events (20 events):
Event: 462.363 Thread 0x00000263c92f7800 DEOPT PACKING pc=0x00000263b731c3c4 sp=0x0000008e2acf8850
Event: 462.364 Thread 0x00000263c92f7800 DEOPT UNPACKING pc=0x00000263af3274af sp=0x0000008e2acf8858 mode 2
Event: 462.506 Thread 0x00000263c92f7800 DEOPT PACKING pc=0x00000263b08f3c14 sp=0x0000008e2acf85e0
Event: 462.506 Thread 0x00000263c92f7800 DEOPT UNPACKING pc=0x00000263af3272ce sp=0x0000008e2acf79a0 mode 0
Event: 518.698 Thread 0x00000263c667b800 Uncommon trap: trap_request=0xffffffde fr.pc=0x00000263b73f2ba0 relative=0x0000000000000100
Event: 518.708 Thread 0x00000263c667b800 Uncommon trap: reason=class_check action=maybe_recompile pc=0x00000263b73f2ba0 method=jdk.internal.misc.Unsafe.allocateUninitializedArray(Ljava/lang/Class;I)Ljava/lang/Object; @ 48 c2
Event: 518.709 Thread 0x00000263c667b800 DEOPT PACKING pc=0x00000263b73f2ba0 sp=0x0000008e2abfe590
Event: 518.716 Thread 0x00000263c667b800 DEOPT UNPACKING pc=0x00000263af3274af sp=0x0000008e2abfe518 mode 2
Event: 518.718 Thread 0x00000263c667b800 Uncommon trap: trap_request=0xffffffde fr.pc=0x00000263b73f2ba0 relative=0x0000000000000100
Event: 518.719 Thread 0x00000263c667b800 Uncommon trap: reason=class_check action=maybe_recompile pc=0x00000263b73f2ba0 method=jdk.internal.misc.Unsafe.allocateUninitializedArray(Ljava/lang/Class;I)Ljava/lang/Object; @ 48 c2
Event: 518.719 Thread 0x00000263c667b800 DEOPT PACKING pc=0x00000263b73f2ba0 sp=0x0000008e2abfe590
Event: 518.728 Thread 0x00000263c667b800 DEOPT UNPACKING pc=0x00000263af3274af sp=0x0000008e2abfe518 mode 2
Event: 518.736 Thread 0x00000263c667b800 Uncommon trap: trap_request=0xffffffde fr.pc=0x00000263b73f2ba0 relative=0x0000000000000100
Event: 518.736 Thread 0x00000263c667b800 Uncommon trap: reason=class_check action=maybe_recompile pc=0x00000263b73f2ba0 method=jdk.internal.misc.Unsafe.allocateUninitializedArray(Ljava/lang/Class;I)Ljava/lang/Object; @ 48 c2
Event: 518.736 Thread 0x00000263c667b800 DEOPT PACKING pc=0x00000263b73f2ba0 sp=0x0000008e2abfe590
Event: 518.737 Thread 0x00000263c667b800 DEOPT UNPACKING pc=0x00000263af3274af sp=0x0000008e2abfe518 mode 2
Event: 518.737 Thread 0x00000263c667b800 Uncommon trap: trap_request=0xffffffde fr.pc=0x00000263b73f2ba0 relative=0x0000000000000100
Event: 518.737 Thread 0x00000263c667b800 Uncommon trap: reason=class_check action=maybe_recompile pc=0x00000263b73f2ba0 method=jdk.internal.misc.Unsafe.allocateUninitializedArray(Ljava/lang/Class;I)Ljava/lang/Object; @ 48 c2
Event: 518.737 Thread 0x00000263c667b800 DEOPT PACKING pc=0x00000263b73f2ba0 sp=0x0000008e2abfe590
Event: 518.737 Thread 0x00000263c667b800 DEOPT UNPACKING pc=0x00000263af3274af sp=0x0000008e2abfe518 mode 2

Classes redefined (0 events):
No events

Internal exceptions (20 events):
Event: 458.977 Thread 0x00000263c92f7800 Exception <a 'sun/nio/fs/WindowsException'{0x00000000a8344038}> (0x00000000a8344038) thrown at [./src/hotspot/share/prims/jni.cpp, line 615]
Event: 462.621 Thread 0x00000263c92f7800 Exception <a 'java/lang/ClassNotFoundException'{0x00000000aaca42e8}: org/gradle/process/internal/DefaultExecAction_DecoratedBeanInfo> (0x00000000aaca42e8) thrown at [./src/hotspot/share/classfile/systemDictionary.cpp, line 231]
Event: 462.625 Thread 0x00000263c92f7800 Exception <a 'java/lang/ClassNotFoundException'{0x00000000aaccf140}: org/gradle/process/internal/DefaultExecActionBeanInfo> (0x00000000aaccf140) thrown at [./src/hotspot/share/classfile/systemDictionary.cpp, line 231]
Event: 462.627 Thread 0x00000263c92f7800 Exception <a 'java/lang/ClassNotFoundException'{0x00000000aacfbf00}: org/gradle/process/internal/DefaultExecHandleBuilderBeanInfo> (0x00000000aacfbf00) thrown at [./src/hotspot/share/classfile/systemDictionary.cpp, line 231]
Event: 462.629 Thread 0x00000263c92f7800 Exception <a 'java/lang/ClassNotFoundException'{0x00000000aab28f90}: org/gradle/process/internal/AbstractExecHandleBuilderBeanInfo> (0x00000000aab28f90) thrown at [./src/hotspot/share/classfile/systemDictionary.cpp, line 231]
Event: 462.631 Thread 0x00000263c92f7800 Exception <a 'java/lang/ClassNotFoundException'{0x00000000aab55d70}: org/gradle/process/internal/DefaultProcessForkOptionsBeanInfo> (0x00000000aab55d70) thrown at [./src/hotspot/share/classfile/systemDictionary.cpp, line 231]
Event: 462.635 Thread 0x00000263c92f7800 Exception <a 'java/lang/ClassNotFoundException'{0x00000000aab82a68}: org/gradle/process/internal/DefaultProcessForkOptionsCustomizer> (0x00000000aab82a68) thrown at [./src/hotspot/share/classfile/systemDictionary.cpp, line 231]
Event: 462.643 Thread 0x00000263c92f7800 Exception <a 'java/lang/ClassNotFoundException'{0x00000000aabbbb38}: org/gradle/process/internal/AbstractExecHandleBuilderCustomizer> (0x00000000aabbbb38) thrown at [./src/hotspot/share/classfile/systemDictionary.cpp, line 231]
Event: 462.645 Thread 0x00000263c92f7800 Exception <a 'java/lang/ClassNotFoundException'{0x00000000aabfa590}: org/gradle/process/internal/DefaultExecHandleBuilderCustomizer> (0x00000000aabfa590) thrown at [./src/hotspot/share/classfile/systemDictionary.cpp, line 231]
Event: 462.648 Thread 0x00000263c92f7800 Exception <a 'java/lang/ClassNotFoundException'{0x00000000aaa51c10}: org/gradle/process/internal/DefaultExecActionCustomizer> (0x00000000aaa51c10) thrown at [./src/hotspot/share/classfile/systemDictionary.cpp, line 231]
Event: 462.652 Thread 0x00000263c92f7800 Exception <a 'java/lang/ClassNotFoundException'{0x00000000aaa889f8}: org/gradle/process/internal/DefaultExecAction_DecoratedCustomizer> (0x00000000aaa889f8) thrown at [./src/hotspot/share/classfile/systemDictionary.cpp, line 231]
Event: 462.663 Thread 0x00000263c92f7800 Exception <a 'java/lang/ClassNotFoundException'{0x00000000aaad95e8}: org/gradle/api/logging/LogLevelBeanInfo> (0x00000000aaad95e8) thrown at [./src/hotspot/share/classfile/systemDictionary.cpp, line 231]
Event: 462.667 Thread 0x00000263c92f7800 Exception <a 'java/lang/ClassNotFoundException'{0x00000000aaaff970}: org/gradle/api/logging/LogLevelCustomizer> (0x00000000aaaff970) thrown at [./src/hotspot/share/classfile/systemDictionary.cpp, line 231]
Event: 462.679 Thread 0x00000263c92f7800 Exception <a 'java/lang/ClassNotFoundException'{0x00000000aa9629d0}: org/gradle/internal/logging/compatbridge/LoggingManagerInternalCompatibilityBridgeBeanInfo> (0x00000000aa9629d0) thrown at [./src/hotspot/share/classfile/systemDictionary.cpp, line 231]
Event: 462.680 Thread 0x00000263c92f7800 Exception <a 'java/lang/ClassNotFoundException'{0x00000000aa9973f8}: org/gradle/internal/logging/compatbridge/LoggingManagerInternalCompatibilityBridgeCustomizer> (0x00000000aa9973f8) thrown at [./src/hotspot/share/classfile/systemDictionary.cpp, line 231]
Event: 463.308 Thread 0x00000263cd330000 Exception <a 'java/lang/NoSuchMethodError'{0x00000000aa8642b8}: 'void java.lang.invoke.DirectMethodHandle$Holder.invokeStatic(java.lang.Object, long)'> (0x00000000aa8642b8) thrown at [./src/hotspot/share/interpreter/linkResolver.cpp, line 773]
Event: 463.353 Thread 0x00000263cd330000 Exception <a 'java/lang/NoSuchMethodError'{0x00000000aa869730}: 'java.lang.Object java.lang.invoke.DirectMethodHandle$Holder.invokeStatic(java.lang.Object, long)'> (0x00000000aa869730) thrown at [./src/hotspot/share/interpreter/linkResolver.cpp, line 773]
Event: 463.418 Thread 0x00000263cd330000 Exception <a 'java/lang/NoSuchMethodError'{0x00000000aa8780f0}: 'java.lang.Object java.lang.invoke.DirectMethodHandle$Holder.invokeStaticInit(java.lang.Object, java.lang.Object, long, java.lang.Object)'> (0x00000000aa8780f0) thrown at [./src/hotspot/share/interpreter/linkResolver.cpp, line 773]
Event: 463.420 Thread 0x00000263cd330000 Exception <a 'java/lang/NoSuchMethodError'{0x00000000aa87e4f8}: 'java.lang.Object java.lang.invoke.DirectMethodHandle$Holder.invokeStatic(java.lang.Object, java.lang.Object, long)'> (0x00000000aa87e4f8) thrown at [./src/hotspot/share/interpreter/linkResolver.cpp, line 773]
Event: 463.422 Thread 0x00000263cd330000 Exception <a 'java/lang/NoSuchMethodError'{0x00000000aa884a10}: 'java.lang.Object java.lang.invoke.Invokers$Holder.linkToTargetMethod(java.lang.Object, long, java.lang.Object)'> (0x00000000aa884a10) thrown at [./src/hotspot/share/interpreter/linkResolver.cpp, line 773]

Events (20 events):
Event: 518.904 Thread 0x00000263cd32f800 Thread exited: 0x00000263cd32f800
Event: 518.904 Thread 0x00000263cd327000 Thread exited: 0x00000263cd327000
Event: 518.905 Thread 0x00000263c94a2000 Thread exited: 0x00000263c94a2000
Event: 518.905 Thread 0x00000263cd32e800 Thread exited: 0x00000263cd32e800
Event: 518.905 Thread 0x00000263c92d9800 Thread exited: 0x00000263c92d9800
Event: 518.905 Thread 0x00000263cd328000 Thread exited: 0x00000263cd328000
Event: 518.906 Thread 0x00000263c9484800 Thread exited: 0x00000263c9484800
Event: 518.906 Thread 0x00000263c92d6800 Thread exited: 0x00000263c92d6800
Event: 518.907 Thread 0x00000263c9483000 Thread exited: 0x00000263c9483000
Event: 518.908 Thread 0x00000263c947b000 Thread exited: 0x00000263c947b000
Event: 518.910 Thread 0x00000263c92d4800 Thread exited: 0x00000263c92d4800
Event: 518.910 Thread 0x00000263c92cc800 Thread exited: 0x00000263c92cc800
Event: 518.912 Thread 0x00000263c92ce000 Thread exited: 0x00000263c92ce000
Event: 518.914 Thread 0x00000263c94af000 Thread exited: 0x00000263c94af000
Event: 518.914 Thread 0x00000263c92d4000 Thread exited: 0x00000263c92d4000
Event: 518.915 Thread 0x00000263c92cf000 Thread exited: 0x00000263c92cf000
Event: 518.916 Thread 0x00000263c9480000 Thread exited: 0x00000263c9480000
Event: 518.917 Thread 0x00000263c67f1000 Thread exited: 0x00000263c67f1000
Event: 518.917 Thread 0x00000263c67f4000 Thread exited: 0x00000263c67f4000
Event: 518.917 Thread 0x00000263c67ed800 Thread exited: 0x00000263c67ed800


Dynamic libraries:
0x00007ff63d880000 - 0x00007ff63d88a000 	C:\Program Files\Android\Android Studio\jre\bin\java.exe
0x00007ffb6b9d0000 - 0x00007ffb6bbc5000 	C:\Windows\SYSTEM32\ntdll.dll
0x00007ffb6b240000 - 0x00007ffb6b2fe000 	C:\Windows\System32\KERNEL32.DLL
0x00007ffb69480000 - 0x00007ffb69749000 	C:\Windows\System32\KERNELBASE.dll
0x00007ffb69380000 - 0x00007ffb69480000 	C:\Windows\System32\ucrtbase.dll
0x00007ffb59380000 - 0x00007ffb59399000 	C:\Program Files\Android\Android Studio\jre\bin\jli.dll
0x00007ffb59360000 - 0x00007ffb59377000 	C:\Program Files\Android\Android Studio\jre\bin\VCRUNTIME140.dll
0x00007ffb5a1d0000 - 0x00007ffb5a46a000 	C:\Windows\WinSxS\amd64_microsoft.windows.common-controls_6595b64144ccf1df_6.0.19041.1110_none_60b5254171f9507e\COMCTL32.dll
0x00007ffb6ad00000 - 0x00007ffb6aea1000 	C:\Windows\System32\USER32.dll
0x00007ffb6ac50000 - 0x00007ffb6acee000 	C:\Windows\System32\msvcrt.dll
0x00007ffb6b210000 - 0x00007ffb6b23b000 	C:\Windows\System32\GDI32.dll
0x00007ffb69350000 - 0x00007ffb69372000 	C:\Windows\System32\win32u.dll
0x00007ffb69240000 - 0x00007ffb6934b000 	C:\Windows\System32\gdi32full.dll
0x00007ffb690f0000 - 0x00007ffb6918d000 	C:\Windows\System32\msvcp_win.dll
0x00007ffb6b960000 - 0x00007ffb6b990000 	C:\Windows\System32\IMM32.DLL
0x00007ffb19410000 - 0x00007ffb194ad000 	C:\Program Files\Android\Android Studio\jre\bin\msvcp140.dll
0x00007ffaf0bd0000 - 0x00007ffaf168c000 	C:\Program Files\Android\Android Studio\jre\bin\server\jvm.dll
0x00007ffb6b3f0000 - 0x00007ffb6b49c000 	C:\Windows\System32\ADVAPI32.dll
0x00007ffb69fd0000 - 0x00007ffb6a06b000 	C:\Windows\System32\sechost.dll
0x00007ffb6a3e0000 - 0x00007ffb6a50a000 	C:\Windows\System32\RPCRT4.dll
0x00007ffb6a1f0000 - 0x00007ffb6a1f8000 	C:\Windows\System32\PSAPI.DLL
0x00007ffb64d40000 - 0x00007ffb64d49000 	C:\Windows\SYSTEM32\WSOCK32.dll
0x00007ffb613e0000 - 0x00007ffb61407000 	C:\Windows\SYSTEM32\WINMM.dll
0x00007ffb6b300000 - 0x00007ffb6b36b000 	C:\Windows\System32\WS2_32.dll
0x00007ffb61410000 - 0x00007ffb6141a000 	C:\Windows\SYSTEM32\VERSION.dll
0x00007ffb67970000 - 0x00007ffb67982000 	C:\Windows\SYSTEM32\kernel.appcore.dll
0x00007ffb59340000 - 0x00007ffb59351000 	C:\Program Files\Android\Android Studio\jre\bin\verify.dll
0x00007ffb66e70000 - 0x00007ffb67054000 	C:\Windows\SYSTEM32\DBGHELP.DLL
0x00007ffb556a0000 - 0x00007ffb556cc000 	C:\Windows\SYSTEM32\dbgcore.DLL
0x00007ffb698e0000 - 0x00007ffb69963000 	C:\Windows\System32\bcryptPrimitives.dll
0x00007ffb59310000 - 0x00007ffb59339000 	C:\Program Files\Android\Android Studio\jre\bin\java.dll
0x00007ffb5b3e0000 - 0x00007ffb5b3eb000 	C:\Program Files\Android\Android Studio\jre\bin\jimage.dll
0x00007ffb33e90000 - 0x00007ffb33ea8000 	C:\Program Files\Android\Android Studio\jre\bin\zip.dll
0x00007ffb6a510000 - 0x00007ffb6ac4f000 	C:\Windows\System32\SHELL32.dll
0x00007ffb671d0000 - 0x00007ffb67960000 	C:\Windows\SYSTEM32\windows.storage.dll
0x00007ffb6aeb0000 - 0x00007ffb6b205000 	C:\Windows\System32\combase.dll
0x00007ffb68ad0000 - 0x00007ffb68afc000 	C:\Windows\SYSTEM32\Wldp.dll
0x00007ffb6a200000 - 0x00007ffb6a2ad000 	C:\Windows\System32\SHCORE.dll
0x00007ffb69a20000 - 0x00007ffb69a75000 	C:\Windows\System32\shlwapi.dll
0x00007ffb69030000 - 0x00007ffb6904f000 	C:\Windows\SYSTEM32\profapi.dll
0x00007ffb33e70000 - 0x00007ffb33e8a000 	C:\Program Files\Android\Android Studio\jre\bin\net.dll
0x00007ffb59a80000 - 0x00007ffb59b88000 	C:\Windows\SYSTEM32\WINHTTP.dll
0x00007ffb687d0000 - 0x00007ffb6883a000 	C:\Windows\system32\mswsock.dll
0x00007ffb33e50000 - 0x00007ffb33e64000 	C:\Program Files\Android\Android Studio\jre\bin\nio.dll
0x00007ffb30550000 - 0x00007ffb30576000 	C:\Users\Lenovo\.gradle\native\fdc75f09e3144964f2cf3f50f0aa648679c211496f362492102eb8c894070792\windows-amd64\native-platform.dll
0x00007ffb17ae0000 - 0x00007ffb17c71000 	C:\Users\Lenovo\.gradle\native\12488b8bf47d2d4c9fbf2f6322a914ad602e24e48041cd04a747c6da556b65c4\windows-amd64\native-platform-file-events.dll
0x00007ffb59300000 - 0x00007ffb5930a000 	C:\Program Files\Android\Android Studio\jre\bin\management.dll
0x00007ffb45f80000 - 0x00007ffb45f8c000 	C:\Program Files\Android\Android Studio\jre\bin\management_ext.dll
0x00007ffb68a20000 - 0x00007ffb68a38000 	C:\Windows\SYSTEM32\CRYPTSP.dll
0x00007ffb68150000 - 0x00007ffb68184000 	C:\Windows\system32\rsaenh.dll
0x00007ffb69750000 - 0x00007ffb69777000 	C:\Windows\System32\bcrypt.dll
0x00007ffb68fb0000 - 0x00007ffb68fde000 	C:\Windows\SYSTEM32\USERENV.dll
0x00007ffb68a40000 - 0x00007ffb68a4c000 	C:\Windows\SYSTEM32\CRYPTBASE.dll
0x00007ffb684c0000 - 0x00007ffb684fb000 	C:\Windows\SYSTEM32\IPHLPAPI.DLL
0x00007ffb6acf0000 - 0x00007ffb6acf8000 	C:\Windows\System32\NSI.dll
0x00007ffb5edd0000 - 0x00007ffb5ede7000 	C:\Windows\SYSTEM32\dhcpcsvc6.DLL
0x00007ffb5f050000 - 0x00007ffb5f06d000 	C:\Windows\SYSTEM32\dhcpcsvc.DLL
0x00007ffb68500000 - 0x00007ffb685cc000 	C:\Windows\SYSTEM32\DNSAPI.dll
0x00007ffb61620000 - 0x00007ffb6162b000 	C:\Windows\SYSTEM32\WINNSI.DLL

dbghelp: loaded successfully - version: 4.0.5 - missing functions: none
symbol engine: initialized successfully - sym options: 0x614 - pdb path: .;C:\Program Files\Android\Android Studio\jre\bin;C:\Windows\SYSTEM32;C:\Windows\WinSxS\amd64_microsoft.windows.common-controls_6595b64144ccf1df_6.0.19041.1110_none_60b5254171f9507e;C:\Program Files\Android\Android Studio\jre\bin\server;C:\Users\Lenovo\.gradle\native\fdc75f09e3144964f2cf3f50f0aa648679c211496f362492102eb8c894070792\windows-amd64;C:\Users\Lenovo\.gradle\native\12488b8bf47d2d4c9fbf2f6322a914ad602e24e48041cd04a747c6da556b65c4\windows-amd64

VM Arguments:
jvm_args: --add-opens=java.base/java.util=ALL-UNNAMED --add-opens=java.base/java.lang=ALL-UNNAMED --add-opens=java.base/java.lang.invoke=ALL-UNNAMED --add-opens=java.prefs/java.util.prefs=ALL-UNNAMED -Xmx1536M -Dfile.encoding=windows-1252 -Duser.country=US -Duser.language=en -Duser.variant 
java_command: org.gradle.launcher.daemon.bootstrap.GradleDaemon 6.7
java_class_path (initial): C:\Users\Lenovo\.gradle\wrapper\dists\gradle-6.7-all\cuy9mc7upwgwgeb72wkcrupxe\gradle-6.7\lib\gradle-launcher-6.7.jar
Launcher Type: SUN_STANDARD

[Global flags]
     intx CICompilerCount                          = 3                                         {product} {ergonomic}
     uint ConcGCThreads                            = 1                                         {product} {ergonomic}
     uint G1ConcRefinementThreads                  = 4                                         {product} {ergonomic}
   size_t G1HeapRegionSize                         = 1048576                                   {product} {ergonomic}
    uintx GCDrainStackTargetSize                   = 64                                        {product} {ergonomic}
   size_t InitialHeapSize                          = 58720256                                  {product} {ergonomic}
   size_t MarkStackSize                            = 4194304                                   {product} {ergonomic}
   size_t MaxHeapSize                              = 1610612736                                {product} {command line}
   size_t MaxNewSize                               = 965738496                                 {product} {ergonomic}
   size_t MinHeapDeltaBytes                        = 1048576                                   {product} {ergonomic}
    uintx NonNMethodCodeHeapSize                   = 5830732                                {pd product} {ergonomic}
    uintx NonProfiledCodeHeapSize                  = 122913754                              {pd product} {ergonomic}
    uintx ProfiledCodeHeapSize                     = 122913754                              {pd product} {ergonomic}
    uintx ReservedCodeCacheSize                    = 251658240                              {pd product} {ergonomic}
     bool SegmentedCodeCache                       = true                                      {product} {ergonomic}
     bool UseCompressedClassPointers               = true                                 {lp64_product} {ergonomic}
     bool UseCompressedOops                        = true                                 {lp64_product} {ergonomic}
     bool UseG1GC                                  = true                                      {product} {ergonomic}
     bool UseLargePagesIndividualAllocation        = false                                  {pd product} {ergonomic}

Logging:
Log output configuration:
 #0: stdout all=warning uptime,level,tags
 #1: stderr all=off uptime,level,tags

Environment Variables:
JAVA_HOME=C:\Program Files\Android\Android Studio\jre
CLASSPATH=D:\Rizky Indrawan\Kampus\Manajemen Informatka\Semester 5\Pemrograman Mobile\Prektek\latihan_mvvm\android\\gradle\wrapper\gradle-wrapper.jar
PATH=C:\Users\Lenovo\bin;C:\Program Files\Git\mingw64\bin;C:\Program Files\Git\usr\local\bin;C:\Program Files\Git\usr\bin;C:\Program Files\Git\usr\bin;C:\Program Files\Git\mingw64\bin;C:\Program Files\Git\usr\bin;C:\Users\Lenovo\bin;C:\Program Files\Common Files\Oracle\Java\javapath;C:\Program Files (x86)\Common Files\Oracle\Java\javapath;C:\ProgramData\Oracle\Java\javapath;C:\Windows\system32;C:\Windows;C:\Windows\System32\Wbem;C:\Windows\System32\WindowsPowerShell\v1.0;C:\Windows\System32\OpenSSH;C:\xampp\php;C:\ProgramData\ComposerSetup\bin;C:\Program Files\nodejs;C:\Program Files\Git\cmd;C:\Users\Lenovo\AppData\Local\Microsoft\WindowsApps;C:\Users\Lenovo\AppData\Local\Programs\Microsoft VS Code\bin;C:\Users\Lenovo\AppData\Roaming\Composer\vendor\bin;C:\Users\Lenovo\AppData\Roaming\npm;C:\flutter\bin;C:\Program Files\Git\usr\bin\vendor_perl;C:\Program Files\Git\usr\bin\core_perl;C:\flutter\bin\mingit\cmd
USERNAME=Lenovo
SHELL=C:\Program Files\Git\usr\bin\bash.exe
DISPLAY=needs-to-be-defined
LC_CTYPE=en_US.UTF-8
OS=Windows_NT
PROCESSOR_IDENTIFIER=AMD64 Family 23 Model 24 Stepping 1, AuthenticAMD



---------------  S Y S T E M  ---------------

OS: Windows 10 , 64 bit Build 19041 (10.0.19041.1202)
OS uptime: 0 days 0:16 hours

CPU:total 4 (initial active 4) (4 cores per cpu, 2 threads per core) family 23 model 24 stepping 1, cmov, cx8, fxsr, mmx, sse, sse2, sse3, ssse3, sse4.1, sse4.2, popcnt, avx, avx2, aes, clmul, mmxext, 3dnowpref, lzcnt, sse4a, ht, tsc, tscinvbit, tscinv, bmi1, bmi2, adx, sha, fma

Memory: 4k page, system-wide physical 3460M (55M free)
TotalPageFile size 14212M (AvailPageFile size 0M)
current process WorkingSet (physical memory assigned to process): 22M, peak: 314M
current process commit charge ("private bytes"): 434M, peak: 462M

vm_info: OpenJDK 64-Bit Server VM (11.0.8+10-b944.6842174) for windows-amd64 JRE (11.0.8+10-b944.6842174), built on Sep 19 2020 01:11:42 by "builder" with MS VC++ 14.0 (VS2015)

END.
